<?xml version="1.0" encoding="UTF-8"?>
<!-- Generated by org.testng.reporters.JUnitReportReporter -->
<testsuite hostname="DESKTOP-TTNDD5P" name="com.hybridprofinal.test.VerifyLoginTest" tests="1" failures="0" timestamp="21 May 2020 08:38:00 GMT" time="5.462" errors="0">
  <testcase name="VerifyLogin" time="5.462" classname="com.hybridprofinal.test.VerifyLoginTest"/>
</testsuite> <!-- com.hybridprofinal.test.VerifyLoginTest -->
